<?xml version="1.0" encoding="UTF-8"?>
<!-- Generated by org.testng.reporters.JUnitXMLReporter -->
<testsuite ignored="1" hostname="DESKTOP-QVRR5EA" failures="0" tests="1" name="Default test" time="54.489" errors="0" timestamp="2022-08-24T22:18:54 IST">
  <testcase classname="com.iris_elearning_tests.HomePageTest" name="verifyallcoursedropdown" time="34.65"/>
  <testcase classname="com.iris_elearning_tests.HomePageTest" name="verifylogoimage" time="0.0">
    <ignored/>
  </testcase> <!-- verifylogoimage -->
</testsuite> <!-- Default test -->
