<?xml version="1.0" encoding="UTF-8"?>
<testng-results ignored="3" total="4" passed="1" failed="0" skipped="0">
  <reporter-output>
  </reporter-output>
  <suite started-at="2022-08-25T21:33:00 IST" name="Default suite" finished-at="2022-08-25T21:33:20 IST" duration-ms="19794">
    <groups>
    </groups>
    <test started-at="2022-08-25T21:33:00 IST" name="Default test" finished-at="2022-08-25T21:33:20 IST" duration-ms="19794">
      <class name="com.iris_elearning_tests.HomePageTest">
        <test-method is-config="true" signature="setUp(java.lang.String)[pri:0, instance:com.iris_elearning_tests.HomePageTest@4f80542f]" started-at="2022-08-25T21:33:00 IST" name="setUp" finished-at="2022-08-25T21:33:10 IST" duration-ms="9787" status="PASS">
          <params>
            <param index="0">
              <value>
                <![CDATA[chrome]]>
              </value>
            </param>
          </params>
          <reporter-output>
          </reporter-output>
        </test-method> <!-- setUp -->
        <test-method signature="verifyexamlist()[pri:0, instance:com.iris_elearning_tests.HomePageTest@4f80542f]" started-at="2022-08-25T21:33:10 IST" name="verifyexamlist" finished-at="2022-08-25T21:33:19 IST" duration-ms="8950" status="PASS">
          <reporter-output>
          </reporter-output>
        </test-method> <!-- verifyexamlist -->
        <test-method is-config="true" signature="tearDown()[pri:0, instance:com.iris_elearning_tests.HomePageTest@4f80542f]" started-at="2022-08-25T21:33:19 IST" name="tearDown" finished-at="2022-08-25T21:33:20 IST" duration-ms="913" status="PASS">
          <reporter-output>
          </reporter-output>
        </test-method> <!-- tearDown -->
      </class> <!-- com.iris_elearning_tests.HomePageTest -->
    </test> <!-- Default test -->
  </suite> <!-- Default suite -->
</testng-results>
