<?xml version="1.0" encoding="UTF-8"?>
<testng-results ignored="0" total="1" passed="1" failed="0" skipped="0">
  <reporter-output>
  </reporter-output>
  <suite started-at="2022-08-24T21:47:16 IST" name="Default suite" finished-at="2022-08-24T21:47:26 IST" duration-ms="10546">
    <groups>
    </groups>
    <test started-at="2022-08-24T21:47:16 IST" name="Default test" finished-at="2022-08-24T21:47:26 IST" duration-ms="10546">
      <class name="com.iris_elearning_pages.Allcourses">
        <test-method signature="m1()[pri:0, instance:com.iris_elearning_pages.Allcourses@e15b7e8]" started-at="2022-08-24T21:47:16 IST" name="m1" finished-at="2022-08-24T21:47:26 IST" duration-ms="10494" status="PASS">
          <reporter-output>
          </reporter-output>
        </test-method> <!-- m1 -->
      </class> <!-- com.iris_elearning_pages.Allcourses -->
    </test> <!-- Default test -->
  </suite> <!-- Default suite -->
</testng-results>
